INFO: 2023/06/23 12:46:45 api.go:23: ===PROGRAM_STARTED===
INFO: 2023/06/23 12:46:45 api.go:29: Routes are setting into application.
INFO: 2023/06/23 12:47:49 api.go:23: ===PROGRAM_STARTED===
INFO: 2023/06/23 12:47:49 api.go:29: Routes are setting into application.
INFO: 2023/06/23 12:51:13 api.go:23: ===PROGRAM_STARTED===
INFO: 2023/06/23 12:51:40 api.go:23: ===PROGRAM_STARTED===
INFO: 2023/06/23 12:51:40 api.go:30: Routes are setting into application.
INFO: 2023/06/23 12:52:33 api.go:23: ===PROGRAM_STARTED===
INFO: 2023/06/23 12:52:51 api.go:23: ===PROGRAM_STARTED===
INFO: 2023/06/23 12:54:07 api.go:23: ===PROGRAM_STARTED===
INFO: 2023/06/23 12:54:57 api.go:23: ===PROGRAM_STARTED===
INFO: 2023/06/23 12:57:50 api.go:23: ===PROGRAM_STARTED===
INFO: 2023/06/23 12:58:06 api.go:23: ===PROGRAM_STARTED===
INFO: 2023/06/23 12:58:07 api.go:23: ===PROGRAM_STARTED===
INFO: 2023/06/23 12:58:07 api.go:23: ===PROGRAM_STARTED===
INFO: 2023/06/23 12:58:08 api.go:23: ===PROGRAM_STARTED===
INFO: 2023/06/23 12:58:08 api.go:23: ===PROGRAM_STARTED===
INFO: 2023/06/23 12:58:18 api.go:23: ===PROGRAM_STARTED===
INFO: 2023/06/23 12:58:18 api.go:30: Routes are setting into application.
INFO: 2023/06/23 12:58:24 api.go:23: ===PROGRAM_STARTED===
INFO: 2023/06/23 12:58:30 api.go:23: ===PROGRAM_STARTED===
INFO: 2023/06/23 12:58:30 api.go:30: Routes are setting into application.
INFO: 2023/06/23 12:59:38 api.go:23: ===PROGRAM_STARTED===
INFO: 2023/06/23 12:59:38 api.go:30: Routes are setting into application.
INFO: 2023/06/23 13:00:40 api.go:23: ===PROGRAM_STARTED===
INFO: 2023/06/23 13:00:40 api.go:30: Routes are setting into application.
INFO: 2023/06/23 13:01:12 api.go:23: ===PROGRAM_STARTED===
INFO: 2023/06/23 13:01:12 api.go:30: Routes are setting into application.
INFO: 2023/06/23 14:20:59 api.go:21: ===PROGRAM_STARTED===
INFO: 2023/06/23 14:20:59 api.go:26: Routes are setting into application.
INFO: 2023/06/23 14:22:01 api.go:21: ===PROGRAM_STARTED===
INFO: 2023/06/23 14:22:01 api.go:27: Routes are setting into application.
INFO: 2023/06/23 14:22:42 api.go:21: ===PROGRAM_STARTED===
INFO: 2023/06/23 14:22:42 api.go:28: Routes are setting into application.
INFO: 2023/06/23 14:24:12 api.go:21: ===PROGRAM_STARTED===
INFO: 2023/06/23 14:24:12 api.go:28: Routes are setting into application.
INFO: 2023/06/23 14:24:58 api.go:21: ===PROGRAM_STARTED===
INFO: 2023/06/23 14:24:58 api.go:28: Routes are setting into application.
INFO: 2023/06/23 14:26:10 api.go:21: ===PROGRAM_STARTED===
INFO: 2023/06/23 14:26:10 api.go:28: Routes are setting into application.
INFO: 2023/06/23 14:26:15 api.go:42: Image is being uploaded.
INFO: 2023/06/23 14:26:15 api.go:43: {0xc0005184e0}
INFO: 2023/06/23 14:26:15 api.go:47: File name is valid.
